<?xml version="1.0" encoding="UTF-8"?>
<!-- Generated by org.testng.reporters.JUnitXMLReporter -->
<testsuite ignored="0" hostname="TheClaw17" failures="0" tests="3" name="Submit Order Test" time="18.847" errors="0" timestamp="2024-09-08T09:42:26 IST">
  <testcase classname="testFW.tests.SubmitOrderTest" name="submitOrder" time="3.628"/>
  <testcase classname="testFW.tests.SubmitOrderTest" name="submitOrder" time="3.485"/>
  <testcase classname="testFW.tests.SubmitOrderTest" name="OrderHistoryTest" time="0.938"/>
</testsuite> <!-- Submit Order Test -->
