<?xml version="1.0" encoding="UTF-8"?>
<!-- Generated by org.testng.reporters.JUnitXMLReporter -->
<testsuite ignored="0" hostname="TheClaw17" failures="1" tests="3" name="Error Validations Test" time="12.854" errors="0" timestamp="2024-09-08T09:39:43 IST">
  <testcase classname="testFW.tests.ErrorValidationsTest" name="LoginErrorValidation" time="0.715">
    <skipped/>
  </testcase> <!-- LoginErrorValidation -->
  <testcase classname="testFW.tests.ErrorValidationsTest" name="LoginErrorValidation" time="0.689">
    <failure type="java.lang.AssertionError" message="expected [Incorrect email or password.] but found [Incorrect emails or password.]">
      <![CDATA[java.lang.AssertionError: expected [Incorrect email or password.] but found [Incorrect emails or password.]
at testFW.tests.ErrorValidationsTest.LoginErrorValidation(ErrorValidationsTest.java:20)
at java.base/java.util.ArrayList.forEach(ArrayList.java:1596)
... Removed 35 stack frames]]>
    </failure>
  </testcase> <!-- LoginErrorValidation -->
  <testcase classname="testFW.tests.ErrorValidationsTest" name="ProductErrorValidation" time="2.568"/>
</testsuite> <!-- Error Validations Test -->
