<?xml version="1.0" encoding="UTF-8"?>
<!-- Generated by org.testng.reporters.JUnitXMLReporter -->
<testsuite ignored="0" hostname="TheClaw17" failures="0" tests="3" name="Submit Order Test" time="18.547" errors="0" timestamp="2024-09-08T09:39:30 IST">
  <testcase classname="testFW.tests.SubmitOrderTest" name="submitOrder" time="3.573"/>
  <testcase classname="testFW.tests.SubmitOrderTest" name="submitOrder" time="3.512"/>
  <testcase classname="testFW.tests.SubmitOrderTest" name="OrderHistoryTest" time="1.035"/>
</testsuite> <!-- Submit Order Test -->
